<?xml version="1.0" encoding="UTF-8"?>
<!-- Generated by org.testng.reporters.JUnitReportReporter -->
<testsuite hostname="cdc2-l-f55gzg2" failures="0" tests="3" name="tests.LoginTest" time="14.511" errors="0" timestamp="2025-09-11T14:15:08 IST" skipped="0">
  <testcase classname="tests.LoginTest" name="TC_Cart_02_viewProduct" time="4.831"/>
  <testcase classname="tests.LoginTest" name="TC_Cart_01_addToCart" time="5.189"/>
  <testcase classname="tests.LoginTest" name="TC_Cart_03_AddMultipleItems" time="4.491"/>
</testsuite> <!-- tests.LoginTest -->
