<?xml version="1.0" encoding="UTF-8"?>
<!-- Generated by org.testng.reporters.JUnitReportReporter -->
<testsuite hostname="cdc2-l-f55gzg2" failures="0" tests="2" name="tests.LoginTest" time="17.656" errors="0" timestamp="2025-09-05T13:55:04 IST" skipped="0">
  <testcase classname="tests.LoginTest" name="TC_Cart_01_addToCart" time="6.026"/>
  <testcase classname="tests.LoginTest" name="TC_Cart_02_viewProduct" time="11.630"/>
</testsuite> <!-- tests.LoginTest -->
