<?xml version="1.0" encoding="UTF-8"?>
<!-- Generated by org.testng.reporters.JUnitReportReporter -->
<testsuite hostname="cdc2-l-f55gzg2" failures="0" tests="10" name="tests.LoginTest" time="93.263" errors="0" timestamp="2025-09-11T17:07:40 IST" skipped="0">
  <testcase classname="tests.LoginTest" name="TC_Login_01_validLogin" time="14.423"/>
  <testcase classname="tests.LoginTest" name="TC_Login_02_invalidLogin" time="4.725"/>
  <testcase classname="tests.LoginTest" name="TC_Cart_04_04RemoveItemFromCart" time="18.928"/>
  <testcase classname="tests.LoginTest" name="TC_Cart_02_02viewProduct" time="5.193"/>
  <testcase classname="tests.LoginTest" name="TC_Login_03_emptyFields" time="4.755"/>
  <testcase classname="tests.LoginTest" name="TC_Product_01_productsVisbile" time="13.331"/>
  <testcase classname="tests.LoginTest" name="TC_Product_02_sortFunctionality" time="7.906"/>
  <testcase classname="tests.LoginTest" name="TC_Cart_03_03AddMultipleItems" time="4.795"/>
  <testcase classname="tests.LoginTest" name="TC_Cart_01_01addToCart" time="4.853"/>
  <testcase classname="tests.LoginTest" name="TC_Login_04_lockedOutUser" time="14.354"/>
</testsuite> <!-- tests.LoginTest -->
