<?xml version="1.0" encoding="UTF-8"?>
<!-- Generated by org.testng.reporters.JUnitReportReporter -->
<testsuite hostname="cdc2-l-f55gzg2" failures="0" tests="1" name="tests.LoginTest" time="7.821" errors="0" timestamp="2025-09-17T17:08:53 IST" skipped="0">
  <testcase classname="tests.LoginTest" name="TC_Checkout_03_Validate_Order_Checkout" time="7.821"/>
</testsuite> <!-- tests.LoginTest -->
