<?xml version="1.0" encoding="UTF-8"?>
<!-- Generated by org.testng.reporters.JUnitReportReporter -->
<testsuite hostname="cdc2-l-f55gzg2" failures="0" tests="2" name="tests.LoginTest" time="53.571" errors="0" timestamp="2025-09-19T13:23:40 IST" skipped="0">
  <testcase classname="tests.LoginTest" name="TC_Account_02_Logout" time="24.191"/>
  <testcase classname="tests.LoginTest" name="TC_Account_01_NavigateBackHome" time="29.380"/>
</testsuite> <!-- tests.LoginTest -->
