<?xml version="1.0" encoding="UTF-8"?>
<!-- Generated by org.testng.reporters.JUnitReportReporter -->
<testsuite hostname="cdc2-l-f55gzg2" failures="0" tests="1" name="tests.LoginTest" time="8.497" errors="0" timestamp="2025-09-15T22:07:32 IST" skipped="0">
  <testcase classname="tests.LoginTest" name="TC_Checkout_01_SuccessfulCheckout" time="8.497"/>
</testsuite> <!-- tests.LoginTest -->
