<?xml version="1.0" encoding="UTF-8"?>
<!-- Generated by org.testng.reporters.JUnitReportReporter -->
<testsuite hostname="cdc2-l-f55gzg2" failures="0" tests="2" name="tests.LoginTest" time="14.025" errors="0" timestamp="2025-09-16T20:40:51 IST" skipped="0">
  <testcase classname="tests.LoginTest" name="TC_Checkout_02_CheckoutwithMissingInfo" time="6.473"/>
  <testcase classname="tests.LoginTest" name="TC_Checkout_01_SuccessfulCheckout" time="7.552"/>
</testsuite> <!-- tests.LoginTest -->
